f_2(1810)   0:00:00.175300
K(3100)+    0:00:00.014041
rho(1570)   0:00:00.423067
a_0(1450)   0:00:00.902044
Sigma_c(2455)   0:00:02.340595
N(1720) 0:00:00.559360
N(2100) 0:00:12.892433
K_0^*(1430) 0:00:00.000504
Sigma-  0:00:00.006014
f_2(2150)   0:00:00.957733
pi_2(1670)  0:00:00.999288
pi_2(1880)  0:00:03.021682
K^*(1410)   0:00:00.002262
N(1875) 0:00:00.005014
Sigma(1690) 0:00:00.059095
K_4^*(2045) 0:00:01.396369
Delta(2300) 0:00:55.523747
X(10650)+   0:00:00.123651
K0L 0:00:00.011734
K_2(2250)   0:00:00.155009
Sigma+  0:00:00.007717
N(1650) 0:00:00.027073
Sigma_b^*() 0:00:03.134153
phi(1680)   0:00:10.378133
f_J(2220)   0:00:01.121586
Sigma(3000) 0:01:36.893911
pi_1(1400)  0:00:00.055084
Lambda(1800)    0:00:00.015609
N(2700) 0:01:42.139138
Lambda(1670)    0:00:00.180331
Delta(2150) 0:00:00.931497
phi_3(1850) 0:00:00.000449
Sigma(1670) 0:00:00.072026
rho(1700)   0:00:00.020052
eta_c(1S)   0:00:18.298540
psi(3770)   0:00:15.340188
Sigma_c(2800)   0:00:00.694765
Sigma(2030) 0:00:00.070518
Lambda_b()0 0:00:03.117416
D_s^*()+    0:00:07.012566
f_0(400-1200)   0:00:00.138731
Sigma(2100) 0:00:00.015482
f_2(2340)   0:00:00.128763
psi(4040)   0:00:00.478342
chi_b0(1P)  0:00:00.775225
pi(1800)    0:00:00.266077
Sigma(1580) 0:00:00.003252
X(10610)-   0:00:00.160456
chi_c1(1P)  0:00:55.947268
Delta(1950) 0:00:00.971103
h_1(1595)   0:00:00.120294
N(1520) 0:00:00.004762
Sigma_b()   0:00:03.256379
Sigma(1385) 0:00:00.020791
K_2^*(1430) 0:00:00.056091
D^*(2010)   0:00:05.618711
Sigma(1915) 0:00:00.017169
X(4250)+    0:00:00.776281
D_0^*(2400)+    0:00:05.762046
K^*(892)    0:00:00.001133
h_1(1170)   0:00:00.000549
B_2^*(5747)0    0:00:42.594474
Xi0 0:00:00.025864
D^*(2640)+  0:00:08.422132
Delta(2420) 0:04:40.533605
N(1990) 0:00:02.570723
a_1(1640)   0:00:00.075976
psi(4160)   0:00:04.534464
N(2220) 0:01:28.401571
Omega(2470)-    0:00:00.074566
eta(1475)   0:00:00.003583
K_2(1580)   0:00:00.024851
a_6(2450)   0:00:00.000574
Lambda(2100)    0:00:00.176602
Upsilon(10860)  0:00:03.303981
X(4360) 0:05:00.155274
Lambda_c(2880)+ 0:00:02.593059
chi_b2(1P)  0:00:01.787794
Sigma(1660) 0:00:00.003287
K_5^*(2380) 0:00:00.000391
rho_3(1690) 0:00:00.018437
f_4(2050)   0:00:00.254731
D(2600) 0:00:14.031889
N(1700) 0:00:00.598567
n   0:00:00.000606
D_s()+  0:00:04.103705
Sigma(1620) 0:00:00.021635
f_2(1640)   0:00:00.008376
X(10650)-   0:00:00.125343
Lambda(1405)    0:00:00.008715
Sigma0  0:00:00.006446
f_0(1710)   0:00:00.035266
pi_2(2100)  0:00:00.096203
Sigma(1775) 0:00:00.026111
Upsilon(2S) 0:00:07.560453
D(2750) 0:00:18.042716
X(10610)+   0:00:00.123595
f_0(1370)   0:00:02.151268
D_0^*(2400)0    0:00:02.049787
Delta(2390) 0:02:32.324007
B0  0:06:51.064868
Lambda(1520)    0:00:00.013911
Sigma(1750) 0:00:00.027872
Delta(1920) 0:00:00.003588
Lambda_c(2765)+ 0:00:00.984218
h_c(1P) 0:00:34.401615
X(4350) 0:00:00.465679
K_2^*(1980) 0:00:00.334541
D_1(2420)0  0:00:28.473112
Sigma(2000) 0:00:00.019905
f_2(1910)   0:00:07.422791
Lambda  0:00:00.002917
N(2190) 0:00:55.129946
Sigma(1840) 0:00:00.007456
Sigma(1560) 0:00:00.004599
Sigma(1940) 0:00:00.048018
rho(2150)   0:00:00.086256
N(2000) 0:00:41.961636
Delta(2400) 0:07:01.525957
f_1(1510)   0:00:00.064413
chi_c2(1P)  0:01:43.685795
Xi- 0:00:00.045465
Delta(~3000)    0:09:26.766524
D0  0:00:36.429460
omega(1420) 0:00:00.528958
B+  0:28:31.076999
N(2060) 0:00:01.676109
K_3^*(1780) 0:00:00.123606
chi_b1(1P)  0:00:03.530654
f_2(1565)   0:00:00.126775
eta(1405)   0:00:00.025253
K_2(1770)   0:00:03.284806
Delta(2350) 0:00:49.456788
chi_b0(2P)  0:00:05.181598
K(1460) 0:00:00.002880
D_2^*(2460)0    0:00:23.968822
a_2(1700)   0:00:00.018486
Sigma(2070) 0:00:00.028402
Lambda_c(2625)+ 0:00:04.027253
K_1(1270)   0:00:00.224767
a_2(1320)   0:00:00.570177
rho(1450)   0:00:00.058332
B_s()0  0:17:00.534864
Sigma_c(2520)   0:00:00.999201
Lambda_c(2940)+ 0:00:03.008539
Xi_c()0 0:00:00.093726
chi_b1(2P)  0:00:18.302775
Delta(2200) 0:01:33.245515
f_2^'(1525) 0:00:00.180975
omega_3(1670)   0:00:00.045432
Omega(2250)-    0:00:00.024184
N(1680) 0:00:00.504304
N(~3000)    0:05:38.976752
K_0^*(1950) 0:00:00.001088
N(1675) 0:00:00.114281
Upsilon(4S) 0:00:04.955567
D_1^*(2420)+    0:00:35.098970
Sigma(1770) 0:00:00.005900
Sigma(1880) 0:00:00.003876
Delta(1620) 0:00:00.558075
X(3872) 0:00:34.059565
Delta(2750) 0:07:35.163784
X(4250)-    0:00:01.111595
chi_b2(2P)  0:00:17.249975
h_b(1P) 0:00:00.000467
K(1630) 0:00:00.031180
K_2(1820)   0:00:01.886850
eta_c(2S)   0:00:08.866642
eta^'(958)  0:00:00.134309
chi_c0(1P)  0:00:59.762488
K_1(1400)   0:00:00.175500
f_0(1500)   0:00:01.120258
Upsilon(1D) 0:00:01.614523
K(1830) 0:00:00.415107
f_2(1430)   0:00:00.001220
N(2600) 0:03:51.035890
B   0:00:03.996743
eta_2(1645) 0:00:00.024878
N(1535) 0:00:00.003823
Delta(2950) 0:06:39.256551
Omega-  0:00:00.102800
D^*(2010)+  0:00:10.695700
B_c()+  0:00:37.281809
Delta(1900) 0:00:02.665136
B^* 0:00:01.366197
eta(1295)   0:00:00.033271
a_0(980)    0:00:00.007567
tau-    0:00:05.912784
K_1(1650)   0:00:00.169154
f_2(1270)   0:00:00.153303
Delta(1700) 0:00:01.493474
X(4260) 0:38:57.566072
pi_1(1600)  0:00:00.088790
Upsilon(1S) 0:00:02.450259
J/psi(1S)   0:00:47.724865
K0S 0:00:00.003790
N(2250) 0:00:44.318187
Delta(1600) 0:00:00.231461
D_2^*(2460)+    0:00:08.534632
rho(770)    0:00:00.045942
Upsilon(3S) 0:00:04.156891
K^*(1680)   0:00:00.001442
a_1(1260)   0:00:00.093295
D_s2(2573)+ 0:00:12.262293
Upsilon(11020)  0:00:00.000421
X(1835) 0:00:00.074053
Sigma(2250) 0:00:00.939649
b_1(1235)   0:00:00.731261
chi_b(3P)   0:00:00.073903
f_0(980)    0:00:00.001130
eta_2(1870) 0:00:01.174353
N(1710) 0:00:00.007080
D_s0^*(2317)    0:00:14.570589
K(3100)-    0:00:00.002457
f_2(2300)   0:00:00.023961
D+  0:00:02.077008
D_s1(2460)+ 0:00:15.416331
psi(2S) 0:05:22.535598
Sigma(2080) 0:00:00.017802
bbar    0:00:00.001460
eta 0:00:00.003536
Sigma(2620) 0:00:00.436803
Delta(2000) 0:00:00.722707
Delta(1905) 0:00:01.039466
omega(1650) 0:00:00.054579
psi(4415)   0:00:00.794424
K(3100)--   0:00:00.002349
omega(782)  0:00:00.019391
Lambda(1690)    0:00:00.101910
rho(1900)   0:00:00.420579
f_1(1420)   0:00:00.219684
D^*(2007)0  0:00:08.508599
Xi_c()+ 0:00:03.145967
phi(2170)   0:00:03.363805
Omega(2380)-    0:00:00.025166
N(1440) 0:00:00.001358
Xi(1690)    0:00:00.029130
Sigma(1480) 0:00:00.015429
D_1(2430)0  0:00:06.301830
Sigma(2455) 0:00:00.390031
B_s2^*(5840)0   0:00:11.116497
f_1(1285)   0:00:00.110981
K(3100)0    0:00:00.004001
N(2120) 0:00:14.356648
f_6(2510)   0:00:00.000545
phi(1020)   0:00:00.463738
Lambda_c()+ 0:00:01.939955
D_s1(2536)+ 0:00:26.420967