phi_3(1850) 0:00:00.003941
Delta(1920) 0:00:00.011477
eta 0:00:00.021201
N(1675) 0:00:00.172989
b_1(1235)   0:00:01.460297
Sigma(1880) 0:00:00.023855
chi_b0(1P)  0:00:02.015999
f_2(1910)   0:00:04.864462
D^*(2010)   0:00:04.765710
K_2^*(1430) 0:00:00.059754
K_4^*(2045) 0:00:01.260839
N(1710) 0:00:00.013468
eta_c(1S)   0:00:11.716029
Omega(2380)-    0:00:00.047414
Lambda_c(2940)+ 0:00:01.542504
K_1(1650)   0:00:00.310886
Sigma(2080) 0:00:00.017919
N(1440) 0:00:00.001784
Sigma_b^*() 0:00:02.887085
B_s2^*(5840)0   0:00:15.107994
Delta(2950) 0:04:57.444966
Delta(1900) 0:00:01.835279
K(1460) 0:00:00.002392
pi_2(2100)  0:00:00.185042
X(4360) 0:05:21.016135
Lambda(1690)    0:00:00.165818
f_1(1510)   0:00:00.080866
B   0:00:04.596982
Omega(2470)-    0:00:00.179823
f_2(1270)   0:00:00.169235
h_1(1595)   0:00:00.083964
Sigma(1750) 0:00:00.028561
Sigma(1480) 0:00:00.003196
K_2(2250)   0:00:00.135572
B0  0:06:05.661588
Sigma_c(2455)   0:00:00.781197
K_2(1580)   0:00:00.051988
eta_2(1645) 0:00:00.029785
psi(2S) 0:05:59.744509
Sigma(1660) 0:00:00.005415
f_0(1500)   0:00:00.563269
K_1(1400)   0:00:00.216603
K_0^*(1950) 0:00:00.000450
Upsilon(2S) 0:00:08.147335
Lambda_c(2625)+ 0:00:02.399560
D_1(2430)0  0:00:09.343093
rho(1700)   0:00:00.018402
Delta(2300) 0:01:02.501682
N(1520) 0:00:00.025507
X(10650)+   0:00:00.092854
K_3^*(1780) 0:00:00.190177
X(10650)-   0:00:00.119739
Lambda_c(2880)+ 0:00:02.985088
a_6(2450)   0:00:00.000472
Delta(2000) 0:00:00.533368
K^*(892)    0:00:00.001167
rho(1570)   0:00:00.075455
N(1720) 0:00:00.346493
Sigma(2100) 0:00:00.017035
Lambda_b()0 0:00:05.116506
Delta(2390) 0:02:50.821613
D_1^*(2420)+    0:00:29.922081
Lambda_c()+ 0:00:02.991685
N(2220) 0:01:48.945932
X(4250)+    0:00:00.886521
J/psi(1S)   0:01:16.018470
f_J(2220)   0:00:01.154578
Sigma(1690) 0:00:00.014867
phi(1680)   0:00:12.219689
K(3100)--   0:00:00.003479
Lambda_c(2765)+ 0:00:00.904461
X(4250)-    0:00:01.002071
pi_2(1670)  0:00:04.139720
f_0(1710)   0:00:00.038287
psi(3770)   0:00:13.625014
D_1(2420)0  0:00:25.250180
pi_1(1600)  0:00:00.267481
N(2060) 0:00:01.082925
Sigma(1915) 0:00:00.018806
D_s^*()+    0:00:08.341706
K0S 0:00:00.006359
Lambda(2100)    0:00:00.354532
chi_c2(1P)  0:01:22.505767
bbar    0:00:00.006949
phi(1020)   0:00:00.654804
Sigma(2455) 0:00:01.025941
Sigma(1580) 0:00:00.003767
phi(2170)   0:00:06.782132
B_c()+  0:00:59.250204
X(1835) 0:00:00.168987
Delta(2400) 0:06:10.660101
chi_b2(2P)  0:00:13.201952
a_2(1700)   0:00:00.021331
Delta(2420) 0:06:11.641212
Xi_c()+ 0:00:05.517021
f_2(2300)   0:00:00.038823
f_2(1810)   0:00:00.056042
Sigma(1840) 0:00:00.007302
Delta(1950) 0:00:01.045252
h_b(1P) 0:00:00.001164
N(2100) 0:00:14.580986
a_1(1640)   0:00:00.053082
Upsilon(10860)  0:00:11.085402
Upsilon(4S) 0:00:03.469118
D^*(2010)+  0:00:15.370547
Upsilon(1S) 0:00:04.019683
D^*(2640)+  0:00:13.334563
N(2120) 0:00:30.206843
Sigma(3000) 0:02:38.852960
D_s0^*(2317)    0:00:19.957833
rho(1450)   0:00:00.033448
K_0^*(1430) 0:00:00.000369
Sigma(1385) 0:00:00.011659
D0  0:00:08.706713
D_s1(2460)+ 0:00:23.063081
tau-    0:00:02.185476
N(2190) 0:00:43.839145
chi_b(3P)   0:00:00.471805
Sigma_b()   0:00:03.943522
K0L 0:00:00.011189
Sigma(1940) 0:00:00.032285
N(~3000)    0:04:55.292448
Xi_c()0 0:00:00.068467
chi_c0(1P)  0:00:42.439790
Omega-  0:00:00.142261
Sigma-  0:00:00.006168
rho_3(1690) 0:00:00.017083
Sigma(2620) 0:00:01.413269
D_s1(2536)+ 0:00:53.426146
X(4350) 0:00:00.767271
Delta(~3000)    0:06:35.963514
omega_3(1670)   0:00:00.271220
pi_1(1400)  0:00:00.033338
omega(1420) 0:00:00.396912
f_2(2340)   0:00:00.575319
f_2(1640)   0:00:00.007955
N(1990) 0:00:03.236210
Lambda(1405)    0:00:00.006546
N(2700) 0:02:26.102869
K(3100)-    0:00:00.003243
K(3100)+    0:00:00.003134
f_1(1285)   0:00:00.194306
Upsilon(1D) 0:00:01.349631
K_2(1770)   0:00:00.947875
K^*(1680)   0:00:00.002397
K(3100)0    0:00:00.005859
K(1830) 0:00:00.330967
f_2^'(1525) 0:00:00.581849
K_5^*(2380) 0:00:00.000432
Lambda  0:00:00.002837
rho(2150)   0:00:00.085275
Delta(2350) 0:00:48.763733
rho(1900)   0:00:00.315444
a_2(1320)   0:00:00.627521
eta(1295)   0:00:00.016860
D(2600) 0:00:24.905696
n   0:00:00.000559
chi_b1(1P)  0:00:06.324372
Delta(2750) 0:06:35.635625
D^*(2007)0  0:00:17.161621
Delta(2200) 0:01:27.523892
chi_c1(1P)  0:01:35.939526
pi_2(1880)  0:00:06.390148
D_s2(2573)+ 0:00:25.717869
h_1(1170)   0:00:00.000503
pi(1800)    0:00:00.183850
f_2(1430)   0:00:00.000842
f_0(1370)   0:00:00.684525
f_2(1565)   0:00:00.062204
N(1875) 0:00:00.003920
chi_b0(2P)  0:00:03.812454
K_1(1270)   0:00:00.156318
K(1630) 0:00:00.003639
D_2^*(2460)0    0:00:16.135151
Delta(1905) 0:00:01.607047
f_2(2150)   0:00:00.994875
psi(4415)   0:00:00.283962
K_2^*(1980) 0:00:00.037625
eta(1475)   0:00:00.003377
eta^'(958)  0:00:00.057655
D_s()+  0:00:03.966137
Xi- 0:00:00.023914
Sigma(2250) 0:00:01.079672
eta_c(2S)   0:00:05.723492
Xi0 0:00:00.019994
chi_b2(1P)  0:00:01.793715
Omega(2250)-    0:00:00.018963
Lambda(1520)    0:00:00.021608
Sigma(1620) 0:00:00.016344
eta_2(1870) 0:00:01.197733
D(2750) 0:00:20.015167
f_6(2510)   0:00:00.000640
Lambda(1670)    0:00:00.095183
B^* 0:00:01.137733
X(3872) 0:00:24.520780
N(2000) 0:00:05.744036
K_2(1820)   0:00:00.923561
B_s()0  0:10:38.591736
f_1(1420)   0:00:00.647644
N(1650) 0:00:00.025903
Lambda(1800)    0:00:00.007756
rho(770)    0:00:00.049069
h_c(1P) 0:00:20.823774
K^*(1410)   0:00:00.002529
f_4(2050)   0:00:00.171911
omega(782)  0:00:00.420388
Sigma_c(2800)   0:00:00.430450
Sigma(1560) 0:00:00.002335
D+  0:00:02.336215
Sigma(1670) 0:00:00.049666
Sigma(1770) 0:00:00.002426
Delta(2150) 0:00:01.046093
B_2^*(5747)0    0:00:45.790956
Delta(1600) 0:00:00.005410
Sigma_c(2520)   0:00:00.432950
Sigma0  0:00:00.003127
omega(1650) 0:00:00.057287
N(1680) 0:00:00.077057
Xi(1690)    0:00:00.043894
chi_b1(2P)  0:00:12.235639
f_0(400-1200)   0:00:00.074041
X(4260) 0:25:55.370590
Sigma(2070) 0:00:00.008124
Upsilon(11020)  0:00:00.000333
N(1700) 0:00:00.271621
B+  0:17:45.382437
N(2250) 0:00:35.525378
D_0^*(2400)0    0:00:01.572805
a_0(1450)   0:00:00.104925
a_0(980)    0:00:00.004664
Delta(1700) 0:00:00.435486
D_0^*(2400)+    0:00:08.778232
Sigma(1775) 0:00:00.026840
eta(1405)   0:00:00.017560
Sigma(2000) 0:00:00.022577
psi(4040)   0:00:00.289982
N(1535) 0:00:00.004036
X(10610)-   0:00:00.118696
a_1(1260)   0:00:00.137660
X(10610)+   0:00:00.064193
Delta(1620) 0:00:00.016179
D_2^*(2460)+    0:00:06.111784
N(2600) 0:01:35.729510
psi(4160)   0:00:03.843078
Sigma(2030) 0:00:00.026327
f_0(980)    0:00:00.001040
Sigma+  0:00:00.004040
Upsilon(3S) 0:00:03.044668