psi(2S)	0:00:00.403521
h_b(3P)	0:00:00.000003
anti-Sigma(1775)0	0:00:00.125360
B_c*+	0:00:00.000002
Upsilon(4S)	0:00:49.858257
B_c*-	0:00:00.000003
Upsilon_2(2D)	0:00:00.067800
Xi_c*+	0:00:00.427935
anti-B_s10	0:00:00.012175
K*BS	0:00:00.000003
anti-Xi_b0	0:00:00.831483
psi(3770)	0:00:10.214112
anti-Xi_b+	0:00:00.194133
chi_b1	0:00:00.014653
chi_b0	0:00:00.007838
chi_b2	0:00:00.009778
Sigma_b+	0:00:00.000003
chi_b0(2P)	0:00:00.032799
Xi_c*0	0:00:00.001300
Sigma_b-	0:00:00.000002
psi(4415)	0:00:14.789634
Lambda(1830)0	0:00:00.066751
anti-Xi_cc*--	0:00:00.108200
Omega_b-	0:00:00.221115
D'_s1+	0:00:03.428606
D'_s1-	0:00:03.054822
anti-Sigma0	0:00:00.004418
anti-B'_s10	0:00:00.012863
Sigma_c*++	0:00:00.000003
anti-Sigma+	0:00:00.001263
anti-Sigma-	0:00:00.001883
anti-K'*0	0:00:00.090789
J/psi	0:00:01.470923
Upsilon_3(2D)	0:00:00.064572
phi(1680)	0:00:00.101847
Omega_cc*+	0:00:00.001862
Sigma_c++	0:00:00.000003
anti-B_s*0	0:00:00.000001
eta_b2(1D)	0:00:00.000002
Sigma_b0	0:00:00.000002
psi(4040)	0:00:16.408865
Sigma-	0:00:00.001596
anti-Sigma(1670)0	0:00:00.027354
Sigma+	0:00:00.001948
Xi_cc++	0:00:00.111226
Upsilon(5S)	0:00:43.555210
anti-Lambda(1810)0	0:00:00.087413
B_s*0	0:00:00.000003
Sigma0	0:00:00.004547
anti-Omega+	0:00:00.035577
D*0	0:00:01.417842
Upsilon_2(1D)	0:00:00.031853
eta_b	0:00:00.000002
eta_c	0:00:00.578558
D*+	0:00:01.248443
D*-	0:00:01.293661
tau-	0:00:00.190258
Xi*-	0:00:00.027742
chi_b0(3P)	0:00:00.029050
Lambda(1690)0	0:00:00.064711
rho(2S)+	0:00:00.005792
rho(2S)-	0:00:00.005729
anti-Xss	0:00:00.000002
anti-Xi'_b+	0:00:00.000002
Xi_b*0	0:00:00.000002
anti-Xi'_b0	0:00:00.000002
rho(2S)0	0:00:00.008121
K_0*0N	0:00:00.000003
anti-Xi_cc--	0:00:00.119901
chi_b2(2P)	0:00:00.081756
K''*0	0:00:00.098305
K*L	0:00:00.000003
K*S	0:00:00.000002
K''*-	0:00:00.074533
anti-Xsd	0:00:00.000003
K*+	0:00:00.014697
D_s0*-	0:00:00.000003
D_s0*+	0:00:00.000001
K*-	0:00:00.015635
K*0	0:00:00.040963
Upsilon_1(2D)	0:00:00.088814
Xi0	0:00:00.014669
b_1-	0:00:00.007611
anti-Lambda(1830)0	0:00:00.057866
D_10	0:00:01.181612
anti-Xi_bc0	0:00:00.002922
anti-Xi_bc-	0:00:00.002724
D_1-	0:00:01.246730
Lambda(1800)0	0:00:00.093332
D_1+	0:00:01.243790
b_10	0:00:00.024395
Lambda_c+	0:00:00.878110
anti-B_s0	0:00:10.319888
K'*-	0:00:00.091239
K'*+	0:00:00.078005
K_1-	0:00:00.091126
f_0(1500)	0:00:00.102476
K_1+	0:00:00.092896
K_10	0:00:00.160576
rho(3S)0	0:00:00.084601
K'*0	0:00:00.097820
Delta0	0:00:00.001718
anti-B'_10	0:00:00.001313
K''*+	0:00:00.077463
Upsilon	0:00:00.012633
Delta+	0:00:00.001568
Delta-	0:00:00.000002
B*0	0:00:00.000002
anti-D_2*0	0:00:00.527968
D_2*-	0:00:00.504982
anti-Lambda(1820)0	0:00:00.104073
Xi_bc+	0:00:00.009735
D_2*+	0:00:00.489741
D_2*0	0:00:00.524252
Xi_bc0	0:00:00.009461
Sigma_c0	0:00:00.000003
anti-B_0*0	0:00:06.417553
Sigma_c+	0:00:00.000003
B_1+	0:00:00.001750
anti-K*0	0:00:00.045676
Omega_c0	0:00:00.000003
anti-B*0	0:00:00.000002
B_1-	0:00:00.001701
Xi_cc*++	0:00:00.109522
rho0	0:00:00.000004
rho+	0:00:00.000002
B_c-	0:00:04.505004
rho-	0:00:00.000003
B_c+	0:00:04.295889
B_10	0:00:00.001293
anti-Sigma_b-	0:00:00.000002
anti-Omega_cc*-	0:00:00.001851
f'_0	0:00:00.047086
f'_1	0:00:00.237337
f'_2	0:00:00.066714
Xi_cc+	0:00:00.003010
psi(4160)	0:00:16.186257
K_2*0	0:00:00.082293
D_s1-	0:00:00.355275
D_0*0	0:00:01.220796
anti-Xsu	0:00:00.000003
Lambda(1820)0	0:00:00.090681
eta'	0:00:00.027072
Upsilon(3S)	0:00:00.213928
K_2*+	0:00:00.066063
D_0*-	0:00:01.211227
D_0*+	0:00:01.228426
K_2*-	0:00:00.067958
D-	0:00:00.840261
anti-K_2*0	0:00:00.086308
Sigma_c*+	0:00:00.000002
anti-D0	0:00:00.994468
anti-Lambda(1520)0	0:00:00.060345
K0	0:00:00.000635
anti-Lambda(1690)0	0:00:00.064270
Sigma_c*0	0:00:00.000002
a_0+	0:00:00.019113
a_0-	0:00:00.020353
omega(2S)	0:00:00.073783
B_2*-	0:00:02.151251
B_2*+	0:00:02.081797
f_0	0:00:00.003321
f_1	0:00:00.294714
B_2*0	0:00:02.097637
a_00	0:00:00.062614
Omega-	0:00:00.033625
Sigma(1775)0	0:00:00.115273
f_2	0:00:00.048088
b_1+	0:00:00.008143
B_0*0	0:00:06.218049
anti-K_0*0	0:00:00.038982
B_0*-	0:00:06.291571
anti-Omega_b*+	0:00:00.000003
B_0*+	0:00:06.148400
anti-Sigma_c-	0:00:00.000004
anti-Xi'_c-	0:00:00.186073
anti-Xi'_c0	0:00:00.000003
anti-Sigma_c0	0:00:00.000002
Xu+	0:00:00.000002
D_s1+	0:00:00.363093
chi_c2	0:00:00.445965
Omega_c*0	0:00:00.000002
anti-D*0	0:00:01.393843
chi_b1(3P)	0:00:00.080335
K*BL	0:00:00.000002
K*0T	0:00:00.000002
K*0R	0:00:00.000001
B_c1-	0:00:00.940869
B_c1+	0:00:00.964773
D*(2S)+	0:00:01.920498
Lambda(1405)0	0:00:00.018601
D*(2S)-	0:00:01.879101
K*BR	0:00:00.000002
anti-K_10	0:00:00.178974
anti-Lambda_c(2593)-	0:00:00.005108
D_s2*-	0:00:01.306959
Lambda_c(2625)+	0:00:01.171126
D_s2*+	0:00:01.294925
anti-Lambda0	0:00:00.002466
Upsilon_1(1D)	0:00:00.030242
Omega_cc+	0:00:00.001945
Xi-	0:00:00.006513
B_s0*0	0:00:11.678423
anti-B_2*0	0:00:02.180999
Lambda(1670)0	0:00:00.060881
Lambda0	0:00:00.002489
Upsilon(2S)	0:00:00.070861
Sigma_b*0	0:00:00.000003
Sigma_b*+	0:00:00.000002
Sigma_b*-	0:00:00.000002
anti-K_0*0N	0:00:00.000002
anti-Lambda(1800)0	0:00:00.096452
anti-D_0*0	0:00:01.187510
Sigma*-	0:00:00.010058
anti-B_10	0:00:00.001500
Sigma*+	0:00:00.014070
Omega_b*-	0:00:00.000003
K_0*0	0:00:00.034130
K_0*+	0:00:00.013311
eta	0:00:00.007654
K_0*-	0:00:00.012784
Sigma(1670)0	0:00:00.022453
Sigma*0	0:00:00.012720
B_s10	0:00:00.013298
anti-Omega_b+	0:00:00.208492
anti-Xi*0	0:00:00.037305
K_S0	0:00:00.004654
anti-Xi*+	0:00:00.029109
anti-K'_10	0:00:00.141281
Xu0	0:00:00.000003
anti-B_s2*0	0:00:03.384730
Xi_b-	0:00:00.213205
anti-Lambda(1600)0	0:00:00.030132
Xi_b0	0:00:00.950216
anti-Xi_b*0	0:00:00.000003
anti-Xi_b*+	0:00:00.000002
B'_s10	0:00:00.011788
a_1+	0:00:00.001263
a_1-	0:00:00.001304
anti-D_10	0:00:01.268099
anti-Delta--	0:00:00.000002
a_10	0:00:00.000925
anti-Lambda(1670)0	0:00:00.061627
anti-Sigma*0	0:00:00.014691
anti-Sigma*-	0:00:00.012507
h_b	0:00:00.000003
h_c	0:00:00.309036
anti-Sigma*+	0:00:00.009569
chi_b2(3P)	0:00:00.068606
anti-B_s0*0	0:00:12.010886
D_s+	0:00:00.947616
D_s-	0:00:00.975531
B_c0*+	0:00:33.021672
B_c0*-	0:00:33.331899
X_1(3872)	0:00:00.000002
anti-Sigma_b+	0:00:00.000002
phi	0:00:00.072311
h_1	0:00:00.001618
Lambda(1810)0	0:00:00.086451
anti-K0	0:00:00.000732
anti-Sigma_b0	0:00:00.000003
anti-Xi_c-	0:00:00.298363
anti-Xi_c0	0:00:00.000003
omega(1650)	0:00:00.078865
chi_c0	0:00:00.410004
chi_c1	0:00:00.183282
anti-Lambda_b0	0:00:00.834988
Xi'_b0	0:00:00.000003
anti-Sigma(1660)0	0:00:00.022601
D_s*+	0:00:00.945444
D_s*-	0:00:00.984228
Xi'_b-	0:00:00.000003
anti-D'_10	0:00:01.188276
anti-K*0T	0:00:00.000002
anti-Lambda_c(2625)-	0:00:00.001694
Lambda(1520)0	0:00:00.062312
B_s2*0	0:00:03.290694
anti-Xi_cc-	0:00:00.002857
B-	0:00:08.624437
B*-	0:00:00.000002
K'_1+	0:00:00.084815
B+	0:00:08.353377
B'_c1+	0:00:00.949585
h'_1	0:00:00.462767
B0	0:00:08.026929
K'_10	0:00:00.152583
K'_1-	0:00:00.083876
anti-Sigma_b*+	0:00:00.000003
anti-Sigma_b*-	0:00:00.000002
B*+	0:00:00.000002
anti-Sigma_b*0	0:00:00.000002
Xi_cc*+	0:00:00.001853
c-hadron	0:00:00.001221
anti-Xi_cc*-	0:00:00.001824
B'_c1-	0:00:00.932583
D*(2S)0	0:00:01.854881
B_s0	0:00:10.060949
Lambda_c(2593)+	0:00:00.472784
D(2S)0	0:00:01.194799
B'_1+	0:00:00.001297
anti-Delta0	0:00:00.001631
B'_1-	0:00:00.001272
anti-D(2S)0	0:00:01.182482
anti-Sigma_c--	0:00:00.000004
anti-Delta-	0:00:00.002070
B'_10	0:00:00.001674
D(2S)+	0:00:01.239015
D(2S)-	0:00:01.254872
anti-Delta+	0:00:00.000002
h_b(2P)	0:00:00.000002
eta_c(2S)	0:00:00.168613
Lambda(1600)0	0:00:00.028418
Xi*0	0:00:00.041540
anti-Omega_cc-	0:00:00.001892
anti-D*(2S)0	0:00:01.868919
Xss	0:00:00.000003
Sigma(1660)0	0:00:00.028744
Upsilon_3(1D)	0:00:00.017214
Xsu	0:00:00.000002
Xi'_c+	0:00:00.195171
Xsd	0:00:00.000003
D+	0:00:00.819316
D'_1-	0:00:01.235637
Xi_c+	0:00:00.295566
D'_1+	0:00:01.261519
Xi_c0	0:00:00.000002
D'_10	0:00:01.241304
K_L0	0:00:00.011367
anti-B0	0:00:08.248115
Lambda_b0	0:00:04.038121
a_20	0:00:00.056764
B_c2*+	0:00:10.720718
B_c2*-	0:00:10.702559
a_2-	0:00:00.029147
a_2+	0:00:00.023617
anti-Lambda(1405)0	0:00:00.018351
anti-K''*0	0:00:00.103849
Xi'_c0	0:00:00.000003
pi0	0:00:00.000717
Delta++	0:00:00.000002
omega	0:00:00.008281
eta_b2(2D)	0:00:00.000002
anti-Xi+	0:00:00.006735
Xi_b*-	0:00:00.000002
anti-Xi0	0:00:00.014859
D0	0:00:00.986710
chi_b1(2P)	0:00:00.086929
